<?xml version="1.0" encoding="utf-8"?><testsuites name="pytest tests"><testsuite name="pytest" errors="0" failures="1" skipped="0" tests="27" time="12.392" timestamp="2026-01-28T11:18:47.077458+00:00" hostname="agent-env-18f03990-836c-4796-bdd9-5c641d24fd41"><testcase classname="backend.tests.test_invoiceflow_api.TestAuthEndpoints" name="test_login_success" time="0.434" /><testcase classname="backend.tests.test_invoiceflow_api.TestAuthEndpoints" name="test_login_invalid_credentials" time="0.061" /><testcase classname="backend.tests.test_invoiceflow_api.TestAuthEndpoints" name="test_login_missing_fields" time="0.062" /><testcase classname="backend.tests.test_invoiceflow_api.TestAuthEndpoints" name="test_register_new_user" time="0.380" /><testcase classname="backend.tests.test_invoiceflow_api.TestAuthEndpoints" name="test_register_duplicate_email" time="0.055" /><testcase classname="backend.tests.test_invoiceflow_api.TestAuthEndpoints" name="test_get_current_user" time="0.391" /><testcase classname="backend.tests.test_invoiceflow_api.TestAuthEndpoints" name="test_get_me_without_token" time="0.068" /><testcase classname="backend.tests.test_invoiceflow_api.TestInvoiceEndpoints" name="test_get_invoices_list" time="0.433" /><testcase classname="backend.tests.test_invoiceflow_api.TestInvoiceEndpoints" name="test_get_invoices_by_status" time="0.385" /><testcase classname="backend.tests.test_invoiceflow_api.TestInvoiceEndpoints" name="test_get_single_invoice" time="0.426" /><testcase classname="backend.tests.test_invoiceflow_api.TestInvoiceEndpoints" name="test_get_nonexistent_invoice" time="0.382" /><testcase classname="backend.tests.test_invoiceflow_api.TestInvoiceEndpoints" name="test_update_invoice" time="1.346" /><testcase classname="backend.tests.test_invoiceflow_api.TestInvoiceEndpoints" name="test_invoices_without_auth" time="0.408" /><testcase classname="backend.tests.test_invoiceflow_api.TestPDFGeneration" name="test_generate_pdf" time="0.480" /><testcase classname="backend.tests.test_invoiceflow_api.TestPDFGeneration" name="test_download_pdf" time="0.450" /><testcase classname="backend.tests.test_invoiceflow_api.TestPDFGeneration" name="test_generate_pdf_nonexistent_invoice" time="0.401" /><testcase classname="backend.tests.test_invoiceflow_api.TestTaxCalculation" name="test_calculate_tax_with_state_code" time="0.438" /><testcase classname="backend.tests.test_invoiceflow_api.TestTaxCalculation" name="test_calculate_tax_with_address" time="0.480"><failure message="AssertionError: assert 'IN' == 'NY'&#10;  &#10;  - NY&#10;  + IN">backend/tests/test_invoiceflow_api.py:406: in test_calculate_tax_with_address
    assert data["state"] == "NY"
E   AssertionError: assert 'IN' == 'NY'
E     
E     - NY
E     + IN</failure></testcase><testcase classname="backend.tests.test_invoiceflow_api.TestTaxCalculation" name="test_calculate_tax_no_tax_state" time="0.395" /><testcase classname="backend.tests.test_invoiceflow_api.TestTaxCalculation" name="test_calculate_tax_unknown_state" time="0.386" /><testcase classname="backend.tests.test_invoiceflow_api.TestBrandingEndpoints" name="test_get_branding" time="0.411" /><testcase classname="backend.tests.test_invoiceflow_api.TestBrandingEndpoints" name="test_update_branding" time="0.820" /><testcase classname="backend.tests.test_invoiceflow_api.TestDashboardStats" name="test_get_dashboard_stats" time="0.584" /><testcase classname="backend.tests.test_invoiceflow_api.TestDashboardStats" name="test_dashboard_stats_without_auth" time="0.588" /><testcase classname="backend.tests.test_invoiceflow_api.TestUploadEndpoints" name="test_get_uploads" time="0.561" /><testcase classname="backend.tests.test_invoiceflow_api.TestUploadEndpoints" name="test_upload_csv_file" time="0.600" /><testcase classname="backend.tests.test_invoiceflow_api.TestUploadEndpoints" name="test_upload_invalid_file_type" time="0.509" /></testsuite></testsuites>